<?xml version="1.0" encoding="UTF-8"?>
<!-- Generated by org.testng.reporters.JUnitXMLReporter -->
<testsuite ignored="0" hostname="DEVI" failures="1" tests="5" name="login1" time="9.884" errors="0" timestamp="2024-07-03T11:28:59 IST">
  <testcase classname="basics.Annotationexample" name="testcase2" time="0.026"/>
  <testcase classname="basics.Annotationexample" name="testcases1" time="0.002"/>
  <testcase classname="basics.Dataproviderassnmt2" name="entereddata" time="1.362"/>
  <testcase classname="basics.LaunchBrowser" name="verifypagetitle" time="0.273">
    <failure type="java.lang.AssertionError" message="this is an issue expected [Devi R raj] but found [Online Shopping site in India: Shop Online for Mobiles, Books, Watches, Shoes and More - Amazon.in]">
      <![CDATA[java.lang.AssertionError: this is an issue expected [Devi R raj] but found [Online Shopping site in India: Shop Online for Mobiles, Books, Watches, Shoes and More - Amazon.in]
at basics.LaunchBrowser.verifypagetitle(LaunchBrowser.java:31)
at java.base/java.util.concurrent.ThreadPoolExecutor.runWorker(ThreadPoolExecutor.java:1136)
at java.base/java.util.concurrent.ThreadPoolExecutor$Worker.run(ThreadPoolExecutor.java:635)
at java.base/java.lang.Thread.run(Thread.java:833)
... Removed 17 stack frames]]>
    </failure>
  </testcase> <!-- verifypagetitle -->
  <testcase classname="basics.Dataproviderassnmt2" name="entereddata" time="0.858"/>
</testsuite> <!-- login1 -->
